kubectl logs -f -n demo pod/stash-restore-mg-restore-0-x7chr -c mongodb-restore-3-6-13-0
I0809 11:53:47.597689       1 log.go:194] FLAG: --add-dir-header="false"
I0809 11:53:47.597733       1 log.go:194] FLAG: --alsologtostderr="false"
I0809 11:53:47.597736       1 log.go:194] FLAG: --appbinding="mg-res"
I0809 11:53:47.597739       1 log.go:194] FLAG: --appbinding-namespace="demo"
I0809 11:53:47.597741       1 log.go:194] FLAG: --authentication-database="admin"
I0809 11:53:47.597744       1 log.go:194] FLAG: --bucket="arnob"
I0809 11:53:47.597746       1 log.go:194] FLAG: --enable-cache="false"
I0809 11:53:47.597749       1 log.go:194] FLAG: --endpoint="us-east-1.linodeobjects.com"
I0809 11:53:47.597751       1 log.go:194] FLAG: --help="false"
I0809 11:53:47.597753       1 log.go:194] FLAG: --hostname=""
I0809 11:53:47.597758       1 log.go:194] FLAG: --kubeconfig=""
I0809 11:53:47.597765       1 log.go:194] FLAG: --license-apiservice="v1beta1.admission.stash.appscode.com"
I0809 11:53:47.597768       1 log.go:194] FLAG: --log-backtrace-at=":0"
I0809 11:53:47.597770       1 log.go:194] FLAG: --log-dir=""
I0809 11:53:47.597773       1 log.go:194] FLAG: --log-file=""
I0809 11:53:47.597776       1 log.go:194] FLAG: --log-file-max-size="1800"
I0809 11:53:47.597779       1 log.go:194] FLAG: --log-flush-frequency="5s"
I0809 11:53:47.597781       1 log.go:194] FLAG: --logtostderr="true"
I0809 11:53:47.597784       1 log.go:194] FLAG: --master=""
I0809 11:53:47.597787       1 log.go:194] FLAG: --max-concurrency="3"
I0809 11:53:47.597790       1 log.go:194] FLAG: --max-connections="0"
I0809 11:53:47.597792       1 log.go:194] FLAG: --mongo-args=""
I0809 11:53:47.597795       1 log.go:194] FLAG: --namespace="demo"
I0809 11:53:47.597797       1 log.go:194] FLAG: --one-output="false"
I0809 11:53:47.597800       1 log.go:194] FLAG: --output-dir="/stash-tmp/output"
I0809 11:53:47.597803       1 log.go:194] FLAG: --path="4.0.5-shard"
I0809 11:53:47.597806       1 log.go:194] FLAG: --provider="s3"
I0809 11:53:47.597808       1 log.go:194] FLAG: --region="us-east-1"
I0809 11:53:47.597811       1 log.go:194] FLAG: --restoresession="mg-restore"
I0809 11:53:47.597814       1 log.go:194] FLAG: --scratch-dir="/stash-tmp"
I0809 11:53:47.597816       1 log.go:194] FLAG: --skip-headers="false"
I0809 11:53:47.597819       1 log.go:194] FLAG: --skip-log-headers="false"
I0809 11:53:47.597822       1 log.go:194] FLAG: --snapshot="latest"
I0809 11:53:47.597824       1 log.go:194] FLAG: --source-hostname=""
I0809 11:53:47.597827       1 log.go:194] FLAG: --stderrthreshold="2"
I0809 11:53:47.597829       1 log.go:194] FLAG: --storage-secret-name="***REDACTED***"
I0809 11:53:47.597832       1 log.go:194] FLAG: --storage-secret-namespace="***REDACTED***"
I0809 11:53:47.597835       1 log.go:194] FLAG: --v="0"
I0809 11:53:47.597837       1 log.go:194] FLAG: --vmodule=""
I0809 11:53:47.597840       1 log.go:194] FLAG: --wait-timeout="300"
W0809 11:53:47.597963       1 client_config.go:617] Neither --kubeconfig nor --master was specified.  Using the inClusterConfig.  This might not work.
I0809 11:53:47.616004       1 restore.go:309] processing backupOptions for  cnfRepSet/mg-res-configsvr-0.mg-res-configsvr-pods.demo.svc:27017,mg-res-configsvr-1.mg-res-configsvr-pods.demo.svc:27017
I0809 11:53:47.616024       1 restore.go:309] processing backupOptions for  shard0/mg-res-shard0-0.mg-res-shard0-pods.demo.svc:27017,mg-res-shard0-1.mg-res-shard0-pods.demo.svc:27017
I0809 11:53:47.616028       1 restore.go:309] processing backupOptions for  shard1/mg-res-shard1-0.mg-res-shard1-pods.demo.svc:27017,mg-res-shard1-1.mg-res-shard1-pods.demo.svc:27017
I0809 11:53:47.616032       1 restore.go:309] processing backupOptions for  shard2/mg-res-shard2-0.mg-res-shard2-pods.demo.svc:27017,mg-res-shard2-1.mg-res-shard2-pods.demo.svc:27017
I0809 11:53:47.616039       1 restore.go:384] processing restore.
I0809 11:53:47.616043       1 utils.go:75] Checking database connection
I0809 11:53:47.616246       1 commands.go:297] Dumping backed up data
I0809 11:53:47.616251       1 commands.go:297] Dumping backed up data
I0809 11:53:47.616256       1 commands.go:297] Dumping backed up data
2023-08-09T11:53:56.384+0000	preparing collections to restore from
2023-08-09T11:53:56.384+0000	don't know what to do with subdirectory "config", skipping...
2023-08-09T11:53:56.384+0000	don't know what to do with subdirectory "kubedb-system", skipping...
2023-08-09T11:53:56.384+0000	don't know what to do with subdirectory "", skipping...
2023-08-09T11:53:56.384+0000	don't know what to do with subdirectory "admin", skipping...
2023-08-09T11:53:56.394+0000	reading metadata for config.cache.chunks.config.system.sessions from archive on stdin
2023-08-09T11:53:56.403+0000	restoring config.cache.chunks.config.system.sessions from archive on stdin
2023-08-09T11:53:56.409+0000	reading metadata for kubedb-system.health-check from archive on stdin
2023-08-09T11:53:56.409+0000	restoring kubedb-system.health-check from archive on stdin
2023-08-09T11:53:56.412+0000	reading metadata for config.cache.collections from archive on stdin
2023-08-09T11:53:56.413+0000	restoring config.cache.collections from archive on stdin
2023-08-09T11:53:56.413+0000	reading metadata for config.cache.chunks.kubedb-system.health-check from archive on stdin
2023-08-09T11:53:56.413+0000	restoring config.cache.chunks.kubedb-system.health-check from archive on stdin
2023-08-09T11:53:56.413+0000	restoring indexes for collection config.cache.chunks.config.system.sessions from metadata
2023-08-09T11:53:56.414+0000	restoring indexes for collection kubedb-system.health-check from metadata
2023-08-09T11:53:56.414+0000	finished restoring kubedb-system.health-check (3 documents)
2023-08-09T11:53:56.421+0000	finished restoring config.cache.chunks.config.system.sessions (1 document)
2023-08-09T11:53:56.429+0000	error: E11000 duplicate key error collection: config.cache.chunks.kubedb-system.health-check index: _id_ dup key: { : { id: MinKey } }
2023-08-09T11:53:56.429+0000	restoring indexes for collection config.cache.chunks.kubedb-system.health-check from metadata
2023-08-09T11:53:56.429+0000	error: E11000 duplicate key error collection: config.cache.collections index: _id_ dup key: { : "kubedb-system.health-check" }
2023-08-09T11:53:56.429+0000	no indexes to restore
2023-08-09T11:53:56.429+0000	finished restoring config.cache.collections (2 documents)
2023-08-09T11:53:56.429+0000	finished restoring config.cache.chunks.kubedb-system.health-check (5 documents)
2023-08-09T11:53:56.429+0000	restoring users from archive on stdin
2023-08-09T11:53:56.448+0000	replaying oplog
2023-08-09T11:53:56.681+0000	done
I0809 11:53:56.689615       1 commands.go:428] sh-output: 
I0809 11:53:56.689714       1 commands.go:297] Dumping backed up data
2023-08-09T11:53:56.814+0000	preparing collections to restore from
2023-08-09T11:53:56.816+0000	don't know what to do with subdirectory "config", skipping...
2023-08-09T11:53:56.816+0000	don't know what to do with subdirectory "kubedb-system", skipping...
2023-08-09T11:53:56.816+0000	don't know what to do with subdirectory "test", skipping...
2023-08-09T11:53:56.816+0000	don't know what to do with subdirectory "", skipping...
2023-08-09T11:53:56.816+0000	don't know what to do with subdirectory "admin", skipping...
2023-08-09T11:53:56.823+0000	reading metadata for config.cache.chunks.kubedb-system.health-check from archive on stdin
2023-08-09T11:53:56.831+0000	restoring config.cache.chunks.kubedb-system.health-check from archive on stdin
2023-08-09T11:53:56.832+0000	reading metadata for config.cache.chunks.config.system.sessions from archive on stdin
2023-08-09T11:53:56.844+0000	restoring indexes for collection config.cache.chunks.kubedb-system.health-check from metadata
2023-08-09T11:53:56.849+0000	restoring config.cache.chunks.config.system.sessions from archive on stdin
2023-08-09T11:53:56.853+0000	reading metadata for config.cache.collections from archive on stdin
2023-08-09T11:53:56.860+0000	finished restoring config.cache.chunks.kubedb-system.health-check (5 documents)
2023-08-09T11:53:56.877+0000	restoring config.cache.collections from archive on stdin
2023-08-09T11:53:56.884+0000	reading metadata for kubedb-system.health-check from archive on stdin
2023-08-09T11:53:56.893+0000	restoring indexes for collection config.cache.chunks.config.system.sessions from metadata
2023-08-09T11:53:56.893+0000	no indexes to restore
2023-08-09T11:53:56.893+0000	finished restoring config.cache.collections (2 documents)
2023-08-09T11:53:56.897+0000	restoring kubedb-system.health-check from archive on stdin
2023-08-09T11:53:56.900+0000	reading metadata for test.cols from archive on stdin
2023-08-09T11:53:56.914+0000	restoring indexes for collection kubedb-system.health-check from metadata
2023-08-09T11:53:56.917+0000	finished restoring config.cache.chunks.config.system.sessions (1 document)
2023-08-09T11:53:56.922+0000	restoring test.cols from archive on stdin
2023-08-09T11:53:56.933+0000	finished restoring kubedb-system.health-check (1 document)
2023-08-09T11:53:56.950+0000	no indexes to restore
2023-08-09T11:53:56.950+0000	finished restoring test.cols (1 document)
2023-08-09T11:53:56.950+0000	restoring users from archive on stdin
2023-08-09T11:53:56.988+0000	replaying oplog
2023-08-09T11:53:57.091+0000	preparing collections to restore from
2023-08-09T11:53:57.091+0000	don't know what to do with subdirectory "config", skipping...
2023-08-09T11:53:57.091+0000	don't know what to do with subdirectory "admin", skipping...
2023-08-09T11:53:57.091+0000	don't know what to do with subdirectory "", skipping...
2023-08-09T11:53:57.102+0000	reading metadata for config.changelog from archive on stdin
2023-08-09T11:53:57.102+0000	restoring config.changelog from archive on stdin
2023-08-09T11:53:57.103+0000	reading metadata for config.tags from archive on stdin
2023-08-09T11:53:57.103+0000	restoring config.tags from archive on stdin
2023-08-09T11:53:57.104+0000	reading metadata for config.chunks from archive on stdin
2023-08-09T11:53:57.104+0000	restoring config.chunks from archive on stdin
2023-08-09T11:53:57.109+0000	reading metadata for config.locks from archive on stdin
2023-08-09T11:53:57.109+0000	restoring config.locks from archive on stdin
2023-08-09T11:53:57.110+0000	no indexes to restore
2023-08-09T11:53:57.110+0000	finished restoring config.changelog (20 documents)
2023-08-09T11:53:57.110+0000	reading metadata for config.lockpings from archive on stdin
2023-08-09T11:53:57.110+0000	restoring config.lockpings from archive on stdin
2023-08-09T11:53:57.114+0000	done
I0809 11:53:57.119748       1 commands.go:428] sh-output: 
2023-08-09T11:53:57.120+0000	restoring indexes for collection config.tags from metadata
2023-08-09T11:53:57.120+0000	error: E11000 duplicate key error collection: config.lockpings index: _id_ dup key: { : "ConfigServer" }
2023-08-09T11:53:57.120+0000	restoring indexes for collection config.lockpings from metadata
2023-08-09T11:53:57.121+0000	finished restoring config.tags (3 documents)
2023-08-09T11:53:57.121+0000	reading metadata for config.actionlog from archive on stdin
2023-08-09T11:53:57.121+0000	finished restoring config.lockpings (9 documents)
2023-08-09T11:53:57.121+0000	error: multiple errors in bulk operation:
  - E11000 duplicate key error collection: config.locks index: _id_ dup key: { : "kubedb-system-movePrimary" }
  - E11000 duplicate key error collection: config.locks index: _id_ dup key: { : "kubedb-system" }
  - E11000 duplicate key error collection: config.locks index: _id_ dup key: { : "kubedb-system.health-check" }

2023-08-09T11:53:57.121+0000	error: E11000 duplicate key error collection: config.chunks index: _id_ dup key: { : "kubedb-system.health-check-id_MinKey" }
2023-08-09T11:53:57.121+0000	restoring indexes for collection config.locks from metadata
2023-08-09T11:53:57.121+0000	restoring indexes for collection config.chunks from metadata
2023-08-09T11:53:57.143+0000	finished restoring config.chunks (6 documents)
2023-08-09T11:53:57.143+0000	restoring config.actionlog from archive on stdin
2023-08-09T11:53:57.144+0000	finished restoring config.locks (8 documents)
2023-08-09T11:53:57.144+0000	reading metadata for config.collections from archive on stdin
2023-08-09T11:53:57.144+0000	restoring config.collections from archive on stdin
2023-08-09T11:53:57.144+0000	reading metadata for config.mongos from archive on stdin
2023-08-09T11:53:57.144+0000	restoring config.mongos from archive on stdin
2023-08-09T11:53:57.144+0000	reading metadata for config.shards from archive on stdin
2023-08-09T11:53:57.144+0000	restoring config.shards from archive on stdin
2023-08-09T11:53:57.148+0000	no indexes to restore
2023-08-09T11:53:57.148+0000	finished restoring config.actionlog (2 documents)
2023-08-09T11:53:57.148+0000	reading metadata for config.settings from archive on stdin
2023-08-09T11:53:57.148+0000	error: E11000 duplicate key error collection: config.collections index: _id_ dup key: { : "kubedb-system.health-check" }
2023-08-09T11:53:57.148+0000	no indexes to restore
2023-08-09T11:53:57.148+0000	finished restoring config.mongos (2 documents)
2023-08-09T11:53:57.148+0000	no indexes to restore
2023-08-09T11:53:57.148+0000	finished restoring config.collections (2 documents)
2023-08-09T11:53:57.148+0000	error: multiple errors in bulk operation:
  - E11000 duplicate key error collection: config.shards index: _id_ dup key: { : "shard0" }
  - E11000 duplicate key error collection: config.shards index: _id_ dup key: { : "shard1" }
  - E11000 duplicate key error collection: config.shards index: _id_ dup key: { : "shard2" }

2023-08-09T11:53:57.148+0000	restoring indexes for collection config.shards from metadata
2023-08-09T11:53:57.170+0000	finished restoring config.shards (3 documents)
2023-08-09T11:53:57.170+0000	restoring config.settings from archive on stdin
2023-08-09T11:53:57.170+0000	reading metadata for config.version from archive on stdin
2023-08-09T11:53:57.170+0000	restoring config.version from archive on stdin
2023-08-09T11:53:57.170+0000	reading metadata for config.databases from archive on stdin
2023-08-09T11:53:57.171+0000	restoring config.databases from archive on stdin
2023-08-09T11:53:57.171+0000	reading metadata for config.migrations from archive on stdin
2023-08-09T11:53:57.171+0000	restoring config.migrations from archive on stdin
2023-08-09T11:53:57.175+0000	error: E11000 duplicate key error collection: config.version index: _id_ dup key: { : 1 }
2023-08-09T11:53:57.175+0000	no indexes to restore
2023-08-09T11:53:57.175+0000	finished restoring config.settings (1 document)
2023-08-09T11:53:57.175+0000	no indexes to restore
2023-08-09T11:53:57.175+0000	finished restoring config.version (1 document)
2023-08-09T11:53:57.175+0000	reading metadata for config.BackupControl from archive on stdin
2023-08-09T11:53:57.176+0000	error: E11000 duplicate key error collection: config.databases index: _id_ dup key: { : "kubedb-system" }
2023-08-09T11:53:57.176+0000	no indexes to restore
2023-08-09T11:53:57.176+0000	finished restoring config.databases (2 documents)
2023-08-09T11:53:57.196+0000	restoring config.BackupControl from archive on stdin
2023-08-09T11:53:57.199+0000	restoring indexes for collection config.migrations from metadata
2023-08-09T11:53:57.199+0000	finished restoring config.migrations (0 documents)
2023-08-09T11:53:57.199+0000	reading metadata for admin.kubedb from archive on stdin
2023-08-09T11:53:57.199+0000	restoring admin.kubedb from archive on stdin
2023-08-09T11:53:57.201+0000	no indexes to restore
2023-08-09T11:53:57.201+0000	finished restoring config.BackupControl (1 document)
2023-08-09T11:53:57.203+0000	error: E11000 duplicate key error collection: admin.kubedb index: _id_ dup key: { : "kubedb" }
2023-08-09T11:53:57.203+0000	no indexes to restore
2023-08-09T11:53:57.203+0000	finished restoring admin.kubedb (1 document)
2023-08-09T11:53:57.203+0000	restoring users from archive on stdin
2023-08-09T11:53:57.229+0000	replaying oplog
2023-08-09T11:53:57.397+0000	done
I0809 11:53:57.410383       1 commands.go:428] sh-output: 
2023-08-09T11:54:05.208+0000	preparing collections to restore from
2023-08-09T11:54:05.209+0000	don't know what to do with subdirectory "config", skipping...
2023-08-09T11:54:05.209+0000	don't know what to do with subdirectory "kubedb-system", skipping...
2023-08-09T11:54:05.209+0000	don't know what to do with subdirectory "", skipping...
2023-08-09T11:54:05.209+0000	don't know what to do with subdirectory "admin", skipping...
2023-08-09T11:54:05.217+0000	reading metadata for config.cache.chunks.kubedb-system.health-check from archive on stdin
2023-08-09T11:54:05.224+0000	restoring config.cache.chunks.kubedb-system.health-check from archive on stdin
2023-08-09T11:54:05.224+0000	reading metadata for config.cache.collections from archive on stdin
2023-08-09T11:54:05.236+0000	restoring indexes for collection config.cache.chunks.kubedb-system.health-check from metadata
2023-08-09T11:54:05.241+0000	restoring config.cache.collections from archive on stdin
2023-08-09T11:54:05.251+0000	reading metadata for kubedb-system.health-check from archive on stdin
2023-08-09T11:54:05.252+0000	finished restoring config.cache.chunks.kubedb-system.health-check (5 documents)
2023-08-09T11:54:05.263+0000	restoring kubedb-system.health-check from archive on stdin
2023-08-09T11:54:05.263+0000	reading metadata for config.cache.chunks.config.system.sessions from archive on stdin
2023-08-09T11:54:05.275+0000	restoring config.cache.chunks.config.system.sessions from archive on stdin
2023-08-09T11:54:05.275+0000	no indexes to restore
2023-08-09T11:54:05.275+0000	finished restoring config.cache.collections (2 documents)
2023-08-09T11:54:05.286+0000	restoring indexes for collection kubedb-system.health-check from metadata
2023-08-09T11:54:05.296+0000	finished restoring kubedb-system.health-check (1 document)
2023-08-09T11:54:05.299+0000	restoring indexes for collection config.cache.chunks.config.system.sessions from metadata
2023-08-09T11:54:05.311+0000	finished restoring config.cache.chunks.config.system.sessions (1 document)
2023-08-09T11:54:05.311+0000	restoring users from archive on stdin
2023-08-09T11:54:05.335+0000	replaying oplog
2023-08-09T11:54:05.515+0000	done
I0809 11:54:05.519280       1 commands.go:428] sh-output: 
