kubectl logs -f -n demo pod/stash-restore-mg-restore-0-hnk55 -c mongodb-restore-4-0-5-0
I0809 11:03:25.433921       1 log.go:194] FLAG: --add-dir-header="false"
I0809 11:03:25.433964       1 log.go:194] FLAG: --alsologtostderr="false"
I0809 11:03:25.433967       1 log.go:194] FLAG: --appbinding="mg-res"
I0809 11:03:25.433970       1 log.go:194] FLAG: --appbinding-namespace="demo"
I0809 11:03:25.433972       1 log.go:194] FLAG: --authentication-database="admin"
I0809 11:03:25.433975       1 log.go:194] FLAG: --bucket="arnob"
I0809 11:03:25.433977       1 log.go:194] FLAG: --enable-cache="false"
I0809 11:03:25.433981       1 log.go:194] FLAG: --endpoint="us-east-1.linodeobjects.com"
I0809 11:03:25.433983       1 log.go:194] FLAG: --help="false"
I0809 11:03:25.433985       1 log.go:194] FLAG: --hostname=""
I0809 11:03:25.433988       1 log.go:194] FLAG: --kubeconfig=""
I0809 11:03:25.433996       1 log.go:194] FLAG: --license-apiservice="v1beta1.admission.stash.appscode.com"
I0809 11:03:25.434000       1 log.go:194] FLAG: --log-backtrace-at=":0"
I0809 11:03:25.434002       1 log.go:194] FLAG: --log-dir=""
I0809 11:03:25.434004       1 log.go:194] FLAG: --log-file=""
I0809 11:03:25.434006       1 log.go:194] FLAG: --log-file-max-size="1800"
I0809 11:03:25.434009       1 log.go:194] FLAG: --log-flush-frequency="5s"
I0809 11:03:25.434012       1 log.go:194] FLAG: --logtostderr="true"
I0809 11:03:25.434015       1 log.go:194] FLAG: --master=""
I0809 11:03:25.434017       1 log.go:194] FLAG: --max-concurrency="3"
I0809 11:03:25.434020       1 log.go:194] FLAG: --max-connections="0"
I0809 11:03:25.434023       1 log.go:194] FLAG: --mongo-args=""
I0809 11:03:25.434026       1 log.go:194] FLAG: --namespace="demo"
I0809 11:03:25.434029       1 log.go:194] FLAG: --one-output="false"
I0809 11:03:25.434031       1 log.go:194] FLAG: --output-dir="/stash-tmp/output"
I0809 11:03:25.434034       1 log.go:194] FLAG: --path="4.0.5-shard"
I0809 11:03:25.434036       1 log.go:194] FLAG: --provider="s3"
I0809 11:03:25.434039       1 log.go:194] FLAG: --region="us-east-1"
I0809 11:03:25.434042       1 log.go:194] FLAG: --restoresession="mg-restore"
I0809 11:03:25.434045       1 log.go:194] FLAG: --scratch-dir="/stash-tmp"
I0809 11:03:25.434047       1 log.go:194] FLAG: --skip-headers="false"
I0809 11:03:25.434050       1 log.go:194] FLAG: --skip-log-headers="false"
I0809 11:03:25.434052       1 log.go:194] FLAG: --snapshot="latest"
I0809 11:03:25.434055       1 log.go:194] FLAG: --source-hostname=""
I0809 11:03:25.434058       1 log.go:194] FLAG: --stderrthreshold="2"
I0809 11:03:25.434060       1 log.go:194] FLAG: --storage-secret-name="***REDACTED***"
I0809 11:03:25.434063       1 log.go:194] FLAG: --storage-secret-namespace="***REDACTED***"
I0809 11:03:25.434066       1 log.go:194] FLAG: --v="0"
I0809 11:03:25.434069       1 log.go:194] FLAG: --vmodule=""
I0809 11:03:25.434071       1 log.go:194] FLAG: --wait-timeout="300"
W0809 11:03:25.434196       1 client_config.go:617] Neither --kubeconfig nor --master was specified.  Using the inClusterConfig.  This might not work.
I0809 11:03:25.453741       1 restore.go:309] processing backupOptions for  cnfRepSet/mg-res-configsvr-0.mg-res-configsvr-pods.demo.svc:27017,mg-res-configsvr-1.mg-res-configsvr-pods.demo.svc:27017
I0809 11:03:25.453757       1 restore.go:309] processing backupOptions for  shard0/mg-res-shard0-0.mg-res-shard0-pods.demo.svc:27017,mg-res-shard0-1.mg-res-shard0-pods.demo.svc:27017
I0809 11:03:25.453761       1 restore.go:309] processing backupOptions for  shard1/mg-res-shard1-0.mg-res-shard1-pods.demo.svc:27017,mg-res-shard1-1.mg-res-shard1-pods.demo.svc:27017
I0809 11:03:25.453770       1 restore.go:309] processing backupOptions for  shard2/mg-res-shard2-0.mg-res-shard2-pods.demo.svc:27017,mg-res-shard2-1.mg-res-shard2-pods.demo.svc:27017
I0809 11:03:25.453776       1 restore.go:384] processing restore.
I0809 11:03:25.453778       1 utils.go:75] Checking database connection
I0809 11:03:25.453959       1 commands.go:297] Dumping backed up data
I0809 11:03:25.453964       1 commands.go:297] Dumping backed up data
I0809 11:03:25.453968       1 commands.go:297] Dumping backed up data
2023-08-09T11:03:35.297+0000	preparing collections to restore from
2023-08-09T11:03:35.299+0000	don't know what to do with subdirectory "kubedb-system", skipping...
2023-08-09T11:03:35.299+0000	don't know what to do with subdirectory "config", skipping...
2023-08-09T11:03:35.299+0000	don't know what to do with subdirectory "", skipping...
2023-08-09T11:03:35.299+0000	don't know what to do with subdirectory "admin", skipping...
2023-08-09T11:03:35.328+0000	reading metadata for config.cache.chunks.kubedb-system.health-check from archive on stdin
2023-08-09T11:03:35.328+0000	restoring config.cache.chunks.kubedb-system.health-check from archive on stdin
2023-08-09T11:03:35.336+0000	reading metadata for config.cache.databases from archive on stdin
2023-08-09T11:03:35.336+0000	restoring config.cache.databases from archive on stdin
2023-08-09T11:03:35.342+0000	error: multiple errors in bulk operation:
  - E11000 duplicate key error collection: config.cache.chunks.kubedb-system.health-check index: _id_ dup key: { : { id: MinKey } }
  - E11000 duplicate key error collection: config.cache.chunks.kubedb-system.health-check index: _id_ dup key: { : { id: 0 } }
  - E11000 duplicate key error collection: config.cache.chunks.kubedb-system.health-check index: _id_ dup key: { : { id: 1 } }
  - E11000 duplicate key error collection: config.cache.chunks.kubedb-system.health-check index: _id_ dup key: { : { id: 2 } }
  - E11000 duplicate key error collection: config.cache.chunks.kubedb-system.health-check index: _id_ dup key: { : { id: 3 } }

2023-08-09T11:03:35.342+0000	restoring indexes for collection config.cache.chunks.kubedb-system.health-check from metadata
2023-08-09T11:03:35.348+0000	finished restoring config.cache.chunks.kubedb-system.health-check (5 documents)
2023-08-09T11:03:35.349+0000	reading metadata for kubedb-system.health-check from archive on stdin
2023-08-09T11:03:35.349+0000	restoring kubedb-system.health-check from archive on stdin
2023-08-09T11:03:35.357+0000	reading metadata for config.cache.collections from archive on stdin
2023-08-09T11:03:35.357+0000	restoring config.cache.collections from archive on stdin
2023-08-09T11:03:35.360+0000	reading metadata for config.cache.chunks.config.system.sessions from archive on stdin
2023-08-09T11:03:35.360+0000	restoring config.cache.chunks.config.system.sessions from archive on stdin
2023-08-09T11:03:35.365+0000	restoring indexes for collection kubedb-system.health-check from metadata
2023-08-09T11:03:35.365+0000	error: multiple errors in bulk operation:
  - E11000 duplicate key error collection: config.cache.databases index: _id_ dup key: { : "config" }
  - E11000 duplicate key error collection: config.cache.databases index: _id_ dup key: { : "kubedb-system" }

2023-08-09T11:03:35.365+0000	no indexes to restore
2023-08-09T11:03:35.365+0000	finished restoring config.cache.databases (2 documents)
2023-08-09T11:03:35.367+0000	error: multiple errors in bulk operation:
  - E11000 duplicate key error collection: config.cache.collections index: _id_ dup key: { : "config.system.sessions" }
  - E11000 duplicate key error collection: config.cache.collections index: _id_ dup key: { : "kubedb-system.health-check" }

2023-08-09T11:03:35.367+0000	no indexes to restore
2023-08-09T11:03:35.367+0000	finished restoring config.cache.collections (2 documents)
2023-08-09T11:03:35.369+0000	finished restoring kubedb-system.health-check (3 documents)
2023-08-09T11:03:35.369+0000	error: E11000 duplicate key error collection: config.cache.chunks.config.system.sessions index: _id_ dup key: { : { _id: MinKey } }
2023-08-09T11:03:35.370+0000	restoring indexes for collection config.cache.chunks.config.system.sessions from metadata
2023-08-09T11:03:35.374+0000	finished restoring config.cache.chunks.config.system.sessions (1 document)
2023-08-09T11:03:35.374+0000	restoring users from archive on stdin
2023-08-09T11:03:35.424+0000	replaying oplog
2023-08-09T11:03:35.424+0000	preparing collections to restore from
2023-08-09T11:03:35.425+0000	don't know what to do with subdirectory "config", skipping...
2023-08-09T11:03:35.425+0000	don't know what to do with subdirectory "kubedb-system", skipping...
2023-08-09T11:03:35.425+0000	don't know what to do with subdirectory "", skipping...
2023-08-09T11:03:35.425+0000	don't know what to do with subdirectory "admin", skipping...
2023-08-09T11:03:35.456+0000	reading metadata for config.cache.databases from archive on stdin
2023-08-09T11:03:35.456+0000	restoring config.cache.databases from archive on stdin
2023-08-09T11:03:35.465+0000	reading metadata for config.cache.chunks.kubedb-system.health-check from archive on stdin
2023-08-09T11:03:35.465+0000	restoring config.cache.chunks.kubedb-system.health-check from archive on stdin
2023-08-09T11:03:35.468+0000	error: multiple errors in bulk operation:
  - E11000 duplicate key error collection: config.cache.databases index: _id_ dup key: { : "config" }
  - E11000 duplicate key error collection: config.cache.databases index: _id_ dup key: { : "kubedb-system" }

2023-08-09T11:03:35.468+0000	no indexes to restore
2023-08-09T11:03:35.468+0000	finished restoring config.cache.databases (2 documents)
2023-08-09T11:03:35.471+0000	reading metadata for config.cache.collections from archive on stdin
2023-08-09T11:03:35.471+0000	restoring config.cache.collections from archive on stdin
2023-08-09T11:03:35.480+0000	error: multiple errors in bulk operation:
  - E11000 duplicate key error collection: config.cache.chunks.kubedb-system.health-check index: _id_ dup key: { : { id: MinKey } }
  - E11000 duplicate key error collection: config.cache.chunks.kubedb-system.health-check index: _id_ dup key: { : { id: 0 } }
  - E11000 duplicate key error collection: config.cache.chunks.kubedb-system.health-check index: _id_ dup key: { : { id: 1 } }
  - E11000 duplicate key error collection: config.cache.chunks.kubedb-system.health-check index: _id_ dup key: { : { id: 2 } }
  - E11000 duplicate key error collection: config.cache.chunks.kubedb-system.health-check index: _id_ dup key: { : { id: 3 } }

2023-08-09T11:03:35.480+0000	reading metadata for config.cache.chunks.config.system.sessions from archive on stdin
2023-08-09T11:03:35.480+0000	restoring indexes for collection config.cache.chunks.kubedb-system.health-check from metadata
2023-08-09T11:03:35.480+0000	restoring config.cache.chunks.config.system.sessions from archive on stdin
2023-08-09T11:03:35.487+0000	error: multiple errors in bulk operation:
  - E11000 duplicate key error collection: config.cache.collections index: _id_ dup key: { : "config.system.sessions" }
  - E11000 duplicate key error collection: config.cache.collections index: _id_ dup key: { : "kubedb-system.health-check" }

2023-08-09T11:03:35.487+0000	no indexes to restore
2023-08-09T11:03:35.487+0000	finished restoring config.cache.collections (2 documents)
2023-08-09T11:03:35.487+0000	finished restoring config.cache.chunks.kubedb-system.health-check (5 documents)
2023-08-09T11:03:35.491+0000	error: E11000 duplicate key error collection: config.cache.chunks.config.system.sessions index: _id_ dup key: { : { _id: MinKey } }
2023-08-09T11:03:35.491+0000	restoring indexes for collection config.cache.chunks.config.system.sessions from metadata
2023-08-09T11:03:35.492+0000	reading metadata for kubedb-system.health-check from archive on stdin
2023-08-09T11:03:35.492+0000	restoring kubedb-system.health-check from archive on stdin
2023-08-09T11:03:35.496+0000	finished restoring config.cache.chunks.config.system.sessions (1 document)
2023-08-09T11:03:35.499+0000	restoring indexes for collection kubedb-system.health-check from metadata
2023-08-09T11:03:35.504+0000	finished restoring kubedb-system.health-check (1 document)
2023-08-09T11:03:35.504+0000	restoring users from archive on stdin
2023-08-09T11:03:35.552+0000	preparing collections to restore from
2023-08-09T11:03:35.552+0000	don't know what to do with subdirectory "config", skipping...
2023-08-09T11:03:35.552+0000	don't know what to do with subdirectory "admin", skipping...
2023-08-09T11:03:35.552+0000	don't know what to do with subdirectory "", skipping...
2023-08-09T11:03:35.554+0000	replaying oplog
2023-08-09T11:03:35.594+0000	reading metadata for config.changelog from archive on stdin
2023-08-09T11:03:35.594+0000	restoring config.changelog from archive on stdin
2023-08-09T11:03:35.596+0000	done
2023-08-09T11:03:35.603+0000	reading metadata for config.chunks from archive on stdin
2023-08-09T11:03:35.605+0000	restoring config.chunks from archive on stdin
I0809 11:03:35.606923       1 commands.go:428] sh-output: 
I0809 11:03:35.607026       1 commands.go:297] Dumping backed up data
2023-08-09T11:03:35.616+0000	reading metadata for config.lockpings from archive on stdin
2023-08-09T11:03:35.616+0000	restoring config.lockpings from archive on stdin
2023-08-09T11:03:35.624+0000	reading metadata for config.locks from archive on stdin
2023-08-09T11:03:35.624+0000	no indexes to restore
2023-08-09T11:03:35.624+0000	finished restoring config.changelog (20 documents)
2023-08-09T11:03:35.624+0000	restoring config.locks from archive on stdin
2023-08-09T11:03:35.629+0000	reading metadata for config.mongos from archive on stdin
2023-08-09T11:03:35.629+0000	restoring config.mongos from archive on stdin
2023-08-09T11:03:35.630+0000	error: multiple errors in bulk operation:
  - E11000 duplicate key error collection: config.chunks index: _id_ dup key: { : "config.system.sessions-_id_MinKey" }
  - E11000 duplicate key error collection: config.chunks index: _id_ dup key: { : "kubedb-system.health-check-id_0" }
  - E11000 duplicate key error collection: config.chunks index: _id_ dup key: { : "kubedb-system.health-check-id_1" }
  - E11000 duplicate key error collection: config.chunks index: _id_ dup key: { : "kubedb-system.health-check-id_2" }
  - E11000 duplicate key error collection: config.chunks index: _id_ dup key: { : "kubedb-system.health-check-id_3" }
  - E11000 duplicate key error collection: config.chunks index: _id_ dup key: { : "kubedb-system.health-check-id_MinKey" }

2023-08-09T11:03:35.630+0000	restoring indexes for collection config.chunks from metadata
2023-08-09T11:03:35.642+0000	error: E11000 duplicate key error collection: config.lockpings index: _id_ dup key: { : "ConfigServer" }
2023-08-09T11:03:35.642+0000	restoring indexes for collection config.lockpings from metadata
2023-08-09T11:03:35.645+0000	finished restoring config.chunks (6 documents)
2023-08-09T11:03:35.645+0000	error: multiple errors in bulk operation:
  - E11000 duplicate key error collection: config.locks index: _id_ dup key: { : "config" }
  - E11000 duplicate key error collection: config.locks index: _id_ dup key: { : "config.system.sessions" }
  - E11000 duplicate key error collection: config.locks index: _id_ dup key: { : "kubedb-system" }
  - E11000 duplicate key error collection: config.locks index: _id_ dup key: { : "kubedb-system.health-check" }

2023-08-09T11:03:35.645+0000	reading metadata for config.tags from archive on stdin
2023-08-09T11:03:35.645+0000	restoring indexes for collection config.locks from metadata
2023-08-09T11:03:35.645+0000	restoring config.tags from archive on stdin
2023-08-09T11:03:35.648+0000	no indexes to restore
2023-08-09T11:03:35.648+0000	finished restoring config.mongos (2 documents)
2023-08-09T11:03:35.648+0000	reading metadata for config.shards from archive on stdin
2023-08-09T11:03:35.648+0000	restoring config.shards from archive on stdin
2023-08-09T11:03:35.654+0000	finished restoring config.lockpings (9 documents)
2023-08-09T11:03:35.654+0000	reading metadata for config.databases from archive on stdin
2023-08-09T11:03:35.654+0000	restoring config.databases from archive on stdin
2023-08-09T11:03:35.656+0000	finished restoring config.locks (6 documents)
2023-08-09T11:03:35.656+0000	reading metadata for config.actionlog from archive on stdin
2023-08-09T11:03:35.656+0000	restoring config.actionlog from archive on stdin
2023-08-09T11:03:35.661+0000	error: multiple errors in bulk operation:
  - E11000 duplicate key error collection: config.tags index: _id_ dup key: { : { ns: "kubedb-system.health-check", min: { id: 0 } } }
  - E11000 duplicate key error collection: config.tags index: _id_ dup key: { : { ns: "kubedb-system.health-check", min: { id: 1 } } }
  - E11000 duplicate key error collection: config.tags index: _id_ dup key: { : { ns: "kubedb-system.health-check", min: { id: 2 } } }

2023-08-09T11:03:35.661+0000	restoring indexes for collection config.tags from metadata
2023-08-09T11:03:35.662+0000	error: multiple errors in bulk operation:
  - E11000 duplicate key error collection: config.shards index: _id_ dup key: { : "shard0" }
  - E11000 duplicate key error collection: config.shards index: _id_ dup key: { : "shard1" }
  - E11000 duplicate key error collection: config.shards index: _id_ dup key: { : "shard2" }

2023-08-09T11:03:35.662+0000	restoring indexes for collection config.shards from metadata
2023-08-09T11:03:35.670+0000	error: E11000 duplicate key error collection: config.databases index: _id_ dup key: { : "kubedb-system" }
2023-08-09T11:03:35.670+0000	no indexes to restore
2023-08-09T11:03:35.670+0000	finished restoring config.databases (2 documents)
2023-08-09T11:03:35.670+0000	reading metadata for config.collections from archive on stdin
2023-08-09T11:03:35.670+0000	restoring config.collections from archive on stdin
2023-08-09T11:03:35.675+0000	finished restoring config.shards (3 documents)
2023-08-09T11:03:35.675+0000	reading metadata for config.BackupControl from archive on stdin
2023-08-09T11:03:35.681+0000	no indexes to restore
2023-08-09T11:03:35.681+0000	finished restoring config.actionlog (2 documents)
2023-08-09T11:03:35.682+0000	finished restoring config.tags (3 documents)
2023-08-09T11:03:35.683+0000	error: multiple errors in bulk operation:
  - E11000 duplicate key error collection: config.collections index: _id_ dup key: { : "config.system.sessions" }
  - E11000 duplicate key error collection: config.collections index: _id_ dup key: { : "kubedb-system.health-check" }

2023-08-09T11:03:35.683+0000	no indexes to restore
2023-08-09T11:03:35.683+0000	finished restoring config.collections (2 documents)
2023-08-09T11:03:35.719+0000	restoring config.BackupControl from archive on stdin
2023-08-09T11:03:35.719+0000	reading metadata for config.settings from archive on stdin
2023-08-09T11:03:35.746+0000	done
I0809 11:03:35.751316       1 commands.go:428] sh-output: 
2023-08-09T11:03:35.762+0000	restoring config.settings from archive on stdin
2023-08-09T11:03:35.762+0000	reading metadata for config.version from archive on stdin
2023-08-09T11:03:35.762+0000	restoring config.version from archive on stdin
2023-08-09T11:03:35.763+0000	no indexes to restore
2023-08-09T11:03:35.763+0000	finished restoring config.BackupControl (1 document)
2023-08-09T11:03:35.774+0000	reading metadata for admin.kubedb from archive on stdin
2023-08-09T11:03:35.774+0000	restoring admin.kubedb from archive on stdin
2023-08-09T11:03:35.774+0000	error: E11000 duplicate key error collection: config.version index: _id_ dup key: { : 1 }
2023-08-09T11:03:35.774+0000	no indexes to restore
2023-08-09T11:03:35.774+0000	finished restoring config.version (1 document)
2023-08-09T11:03:35.778+0000	no indexes to restore
2023-08-09T11:03:35.778+0000	finished restoring config.settings (1 document)
2023-08-09T11:03:35.779+0000	reading metadata for config.migrations from archive on stdin
2023-08-09T11:03:35.779+0000	restoring config.migrations from archive on stdin
2023-08-09T11:03:35.782+0000	restoring indexes for collection config.migrations from metadata
2023-08-09T11:03:35.790+0000	error: E11000 duplicate key error collection: admin.kubedb index: _id_ dup key: { : "kubedb" }
2023-08-09T11:03:35.790+0000	no indexes to restore
2023-08-09T11:03:35.790+0000	finished restoring admin.kubedb (1 document)
2023-08-09T11:03:35.793+0000	finished restoring config.migrations (0 documents)
2023-08-09T11:03:35.793+0000	restoring users from archive on stdin
2023-08-09T11:03:35.865+0000	replaying oplog
2023-08-09T11:03:35.878+0000	done
I0809 11:03:35.885775       1 commands.go:428] sh-output: 
2023-08-09T11:03:45.226+0000	preparing collections to restore from
2023-08-09T11:03:45.226+0000	don't know what to do with subdirectory "config", skipping...
2023-08-09T11:03:45.226+0000	don't know what to do with subdirectory "kubedb-system", skipping...
2023-08-09T11:03:45.226+0000	don't know what to do with subdirectory "test", skipping...
2023-08-09T11:03:45.226+0000	don't know what to do with subdirectory "", skipping...
2023-08-09T11:03:45.226+0000	don't know what to do with subdirectory "admin", skipping...
2023-08-09T11:03:45.258+0000	reading metadata for config.cache.collections from archive on stdin
2023-08-09T11:03:45.259+0000	restoring config.cache.collections from archive on stdin
2023-08-09T11:03:45.266+0000	reading metadata for config.cache.chunks.config.system.sessions from archive on stdin
2023-08-09T11:03:45.266+0000	restoring config.cache.chunks.config.system.sessions from archive on stdin
2023-08-09T11:03:45.274+0000	reading metadata for config.cache.databases from archive on stdin
2023-08-09T11:03:45.274+0000	restoring config.cache.databases from archive on stdin
2023-08-09T11:03:45.276+0000	error: multiple errors in bulk operation:
  - E11000 duplicate key error collection: config.cache.collections index: _id_ dup key: { : "config.system.sessions" }
  - E11000 duplicate key error collection: config.cache.collections index: _id_ dup key: { : "kubedb-system.health-check" }

2023-08-09T11:03:45.276+0000	no indexes to restore
2023-08-09T11:03:45.276+0000	finished restoring config.cache.collections (2 documents)
2023-08-09T11:03:45.277+0000	error: E11000 duplicate key error collection: config.cache.chunks.config.system.sessions index: _id_ dup key: { : { _id: MinKey } }
2023-08-09T11:03:45.277+0000	restoring indexes for collection config.cache.chunks.config.system.sessions from metadata
2023-08-09T11:03:45.282+0000	reading metadata for config.cache.chunks.kubedb-system.health-check from archive on stdin
2023-08-09T11:03:45.282+0000	restoring config.cache.chunks.kubedb-system.health-check from archive on stdin
2023-08-09T11:03:45.287+0000	finished restoring config.cache.chunks.config.system.sessions (1 document)
2023-08-09T11:03:45.292+0000	error: multiple errors in bulk operation:
  - E11000 duplicate key error collection: config.cache.chunks.kubedb-system.health-check index: _id_ dup key: { : { id: MinKey } }
  - E11000 duplicate key error collection: config.cache.chunks.kubedb-system.health-check index: _id_ dup key: { : { id: 0 } }
  - E11000 duplicate key error collection: config.cache.chunks.kubedb-system.health-check index: _id_ dup key: { : { id: 1 } }
  - E11000 duplicate key error collection: config.cache.chunks.kubedb-system.health-check index: _id_ dup key: { : { id: 2 } }
  - E11000 duplicate key error collection: config.cache.chunks.kubedb-system.health-check index: _id_ dup key: { : { id: 3 } }

2023-08-09T11:03:45.292+0000	restoring indexes for collection config.cache.chunks.kubedb-system.health-check from metadata
2023-08-09T11:03:45.293+0000	reading metadata for kubedb-system.health-check from archive on stdin
2023-08-09T11:03:45.293+0000	error: multiple errors in bulk operation:
  - E11000 duplicate key error collection: config.cache.databases index: _id_ dup key: { : "config" }
  - E11000 duplicate key error collection: config.cache.databases index: _id_ dup key: { : "kubedb-system" }

2023-08-09T11:03:45.293+0000	no indexes to restore
2023-08-09T11:03:45.293+0000	restoring kubedb-system.health-check from archive on stdin
2023-08-09T11:03:45.293+0000	finished restoring config.cache.databases (2 documents)
2023-08-09T11:03:45.297+0000	finished restoring config.cache.chunks.kubedb-system.health-check (5 documents)
2023-08-09T11:03:45.300+0000	reading metadata for test.cols from archive on stdin
2023-08-09T11:03:45.301+0000	restoring indexes for collection kubedb-system.health-check from metadata
2023-08-09T11:03:45.306+0000	finished restoring kubedb-system.health-check (1 document)
2023-08-09T11:03:45.315+0000	restoring test.cols from archive on stdin
2023-08-09T11:03:45.330+0000	no indexes to restore
2023-08-09T11:03:45.330+0000	finished restoring test.cols (1 document)
2023-08-09T11:03:45.330+0000	restoring users from archive on stdin
2023-08-09T11:03:45.380+0000	replaying oplog
2023-08-09T11:03:45.509+0000	done
I0809 11:03:45.518903       1 commands.go:428] sh-output: 